M01 120.2892 23.8617 9.8
M02 120.3086 23.8574 10.2
M03 120.3252 23.8513 12.6
M04 120.3466 23.8427 16.3
M05 120.3623 23.8395 18.6
M06 120.3820 23.8433 20.7
M07 120.4009 23.8398 25.2
M08 120.4185 23.8454 29.5
M09 120.4402 23.8415 27.6
M10 120.4617 23.8379 32.3
M11 120.4824 23.8365 33.4
M12 120.5009 23.8337 41.8
M13 120.5194 23.8304 45.5
M14 120.5406 23.8293 50.3
M15 120.5567 23.8312 53.2
M16 120.5770 23.8237 62.9
M17 120.5968 23.8241 67
M18 120.6165 23.8206 101.5
M19 120.6389 23.8261 422.6
M20 120.6512 23.8166 419
M21 120.6754 23.8145 136.4
M22 120.6923 23.8073 148.8
M23 120.7116 23.8078 174.1
M24 120.7334 23.8070 212.1
M25 120.7545 23.8138 215.9
M26 120.7737 23.8041 283.9
M27 120.7955 23.8081 236.5
M28 120.8138 23.8018 489.4
M29 120.8314 23.7979 420.1
M30 120.8512 23.7872 339
M31 120.8737 23.7945 415.2
M32 120.8943 23.7918 350.7
M33 120.9118 23.7872 353.5
M34 120.9408 23.7920 379.7
M35 120.9541 23.7876 486.7
M36 120.9745 23.7975 455.8
M37 120.9943 23.7930 591.1
M38 121.0107 23.7873 483.8
M39 121.0309 23.7842 738
M40 121.0484 23.7708 1021
M41 121.0648 23.7567 1277.2
M42 121.0890 23.7535 1686.2
M43 121.1101 23.7616 2218
M44 121.1326 23.7522 2439.6
M45 121.1452 23.7504 2422.6
M46 121.1645 23.7617 2222
M47 121.1874 23.7720 2700
M48 121.2050 23.7672 2713.7
M49 121.2208 23.7531 2941.5
M50 121.2334 23.7512 2954.5
M55 121.3451 23.7537 921.8
M56 121.3641 23.7414 776.6
M57 121.3765 23.7135 531
M58 121.3952 23.7213 194.5
M59 121.4160 23.7162 154.2
M60 121.4381 23.7199 135.4
M61 121.4554 23.7215 117.9
M62 121.4747 23.7245 101.2
M63 121.4974 23.7279 105.5
M64 121.5156 23.7330 245.8
M65 121.5406 23.7440 198.4
M66 121.5597 23.7443 210.8
